<?xml version="1.0" encoding="UTF-8"?>
<testsuite xmlns:xsi="http://www.w3.org/2001/XMLSchema-instance" xsi:noNamespaceSchemaLocation="https://maven.apache.org/surefire/maven-surefire-plugin/xsd/surefire-test-report-3.0.xsd" version="3.0" name="TestSuite" time="497.661" tests="27" errors="0" skipped="0" failures="1">
  <properties>
    <property name="sun.desktop" value="gnome"/>
    <property name="awt.toolkit" value="sun.awt.X11.XToolkit"/>
    <property name="file.encoding.pkg" value="sun.io"/>
    <property name="java.specification.version" value="1.8"/>
    <property name="sun.cpu.isalist" value=""/>
    <property name="sun.jnu.encoding" value="UTF-8"/>
    <property name="java.class.path" value="/home/sureerat/git/1901_STC_G03/G3SnowboardShopTest/target/test-classes:/home/sureerat/git/1901_STC_G03/G3SnowboardShopTest/target/classes:/home/sureerat/.m2/repository/org/seleniumhq/selenium/selenium-java/3.141.59/selenium-java-3.141.59.jar:/home/sureerat/.m2/repository/org/seleniumhq/selenium/selenium-api/3.141.59/selenium-api-3.141.59.jar:/home/sureerat/.m2/repository/org/seleniumhq/selenium/selenium-chrome-driver/3.141.59/selenium-chrome-driver-3.141.59.jar:/home/sureerat/.m2/repository/org/seleniumhq/selenium/selenium-edge-driver/3.141.59/selenium-edge-driver-3.141.59.jar:/home/sureerat/.m2/repository/org/seleniumhq/selenium/selenium-firefox-driver/3.141.59/selenium-firefox-driver-3.141.59.jar:/home/sureerat/.m2/repository/org/seleniumhq/selenium/selenium-ie-driver/3.141.59/selenium-ie-driver-3.141.59.jar:/home/sureerat/.m2/repository/org/seleniumhq/selenium/selenium-opera-driver/3.141.59/selenium-opera-driver-3.141.59.jar:/home/sureerat/.m2/repository/org/seleniumhq/selenium/selenium-remote-driver/3.141.59/selenium-remote-driver-3.141.59.jar:/home/sureerat/.m2/repository/org/seleniumhq/selenium/selenium-safari-driver/3.141.59/selenium-safari-driver-3.141.59.jar:/home/sureerat/.m2/repository/org/seleniumhq/selenium/selenium-support/3.141.59/selenium-support-3.141.59.jar:/home/sureerat/.m2/repository/net/bytebuddy/byte-buddy/1.8.15/byte-buddy-1.8.15.jar:/home/sureerat/.m2/repository/org/apache/commons/commons-exec/1.3/commons-exec-1.3.jar:/home/sureerat/.m2/repository/com/google/guava/guava/25.0-jre/guava-25.0-jre.jar:/home/sureerat/.m2/repository/com/google/code/findbugs/jsr305/1.3.9/jsr305-1.3.9.jar:/home/sureerat/.m2/repository/org/checkerframework/checker-compat-qual/2.0.0/checker-compat-qual-2.0.0.jar:/home/sureerat/.m2/repository/com/google/errorprone/error_prone_annotations/2.1.3/error_prone_annotations-2.1.3.jar:/home/sureerat/.m2/repository/com/google/j2objc/j2objc-annotations/1.1/j2objc-annotations-1.1.jar:/home/sureerat/.m2/repository/org/codehaus/mojo/animal-sniffer-annotations/1.14/animal-sniffer-annotations-1.14.jar:/home/sureerat/.m2/repository/com/squareup/okhttp3/okhttp/3.11.0/okhttp-3.11.0.jar:/home/sureerat/.m2/repository/com/squareup/okio/okio/1.14.0/okio-1.14.0.jar:/home/sureerat/.m2/repository/io/github/bonigarcia/webdrivermanager/3.5.0/webdrivermanager-3.5.0.jar:/home/sureerat/.m2/repository/org/slf4j/slf4j-api/1.7.25/slf4j-api-1.7.25.jar:/home/sureerat/.m2/repository/com/google/code/gson/gson/2.8.5/gson-2.8.5.jar:/home/sureerat/.m2/repository/org/apache/commons/commons-lang3/3.8.1/commons-lang3-3.8.1.jar:/home/sureerat/.m2/repository/org/apache/httpcomponents/httpclient/4.5.6/httpclient-4.5.6.jar:/home/sureerat/.m2/repository/org/apache/httpcomponents/httpcore/4.4.10/httpcore-4.4.10.jar:/home/sureerat/.m2/repository/commons-logging/commons-logging/1.2/commons-logging-1.2.jar:/home/sureerat/.m2/repository/commons-codec/commons-codec/1.10/commons-codec-1.10.jar:/home/sureerat/.m2/repository/org/rauschig/jarchivelib/1.0.0/jarchivelib-1.0.0.jar:/home/sureerat/.m2/repository/org/apache/commons/commons-compress/1.18/commons-compress-1.18.jar:/home/sureerat/.m2/repository/org/jsoup/jsoup/1.11.3/jsoup-1.11.3.jar:/home/sureerat/.m2/repository/ch/qos/logback/logback-classic/1.2.3/logback-classic-1.2.3.jar:/home/sureerat/.m2/repository/ch/qos/logback/logback-core/1.2.3/logback-core-1.2.3.jar:/home/sureerat/.m2/repository/org/testng/testng/6.14.3/testng-6.14.3.jar:/home/sureerat/.m2/repository/com/beust/jcommander/1.72/jcommander-1.72.jar:/home/sureerat/.m2/repository/org/apache-extras/beanshell/bsh/2.0b6/bsh-2.0b6.jar:/home/sureerat/.m2/repository/commons-io/commons-io/2.6/commons-io-2.6.jar:/home/sureerat/.m2/repository/com/aventstack/extentreports/4.0.9/extentreports-4.0.9.jar:/home/sureerat/.m2/repository/org/freemarker/freemarker/2.3.23/freemarker-2.3.23.jar:/home/sureerat/.m2/repository/org/mongodb/mongodb-driver/3.3.0/mongodb-driver-3.3.0.jar:/home/sureerat/.m2/repository/org/mongodb/mongodb-driver-core/3.3.0/mongodb-driver-core-3.3.0.jar:/home/sureerat/.m2/repository/org/mongodb/bson/3.3.0/bson-3.3.0.jar:/home/sureerat/.m2/repository/org/apache/httpcomponents/httpmime/4.5.2/httpmime-4.5.2.jar:"/>
    <property name="java.vm.vendor" value="Oracle Corporation"/>
    <property name="sun.arch.data.model" value="64"/>
    <property name="java.vendor.url" value="http://java.oracle.com/"/>
    <property name="user.timezone" value=""/>
    <property name="java.vm.specification.version" value="1.8"/>
    <property name="os.name" value="Linux"/>
    <property name="user.country" value="GB"/>
    <property name="sun.java.launcher" value="SUN_STANDARD"/>
    <property name="sun.boot.library.path" value="/usr/lib/jvm/java-8-oracle/jre/lib/amd64"/>
    <property name="sun.java.command" value="/home/sureerat/git/1901_STC_G03/G3SnowboardShopTest/target/surefire/surefirebooter704229424494417547.jar /home/sureerat/git/1901_STC_G03/G3SnowboardShopTest/target/surefire 2019-05-25T20-25-32_220-jvmRun1 surefire5630051462197475305tmp surefire_08884551339241620925tmp"/>
    <property name="surefire.test.class.path" value="/home/sureerat/git/1901_STC_G03/G3SnowboardShopTest/target/test-classes:/home/sureerat/git/1901_STC_G03/G3SnowboardShopTest/target/classes:/home/sureerat/.m2/repository/org/seleniumhq/selenium/selenium-java/3.141.59/selenium-java-3.141.59.jar:/home/sureerat/.m2/repository/org/seleniumhq/selenium/selenium-api/3.141.59/selenium-api-3.141.59.jar:/home/sureerat/.m2/repository/org/seleniumhq/selenium/selenium-chrome-driver/3.141.59/selenium-chrome-driver-3.141.59.jar:/home/sureerat/.m2/repository/org/seleniumhq/selenium/selenium-edge-driver/3.141.59/selenium-edge-driver-3.141.59.jar:/home/sureerat/.m2/repository/org/seleniumhq/selenium/selenium-firefox-driver/3.141.59/selenium-firefox-driver-3.141.59.jar:/home/sureerat/.m2/repository/org/seleniumhq/selenium/selenium-ie-driver/3.141.59/selenium-ie-driver-3.141.59.jar:/home/sureerat/.m2/repository/org/seleniumhq/selenium/selenium-opera-driver/3.141.59/selenium-opera-driver-3.141.59.jar:/home/sureerat/.m2/repository/org/seleniumhq/selenium/selenium-remote-driver/3.141.59/selenium-remote-driver-3.141.59.jar:/home/sureerat/.m2/repository/org/seleniumhq/selenium/selenium-safari-driver/3.141.59/selenium-safari-driver-3.141.59.jar:/home/sureerat/.m2/repository/org/seleniumhq/selenium/selenium-support/3.141.59/selenium-support-3.141.59.jar:/home/sureerat/.m2/repository/net/bytebuddy/byte-buddy/1.8.15/byte-buddy-1.8.15.jar:/home/sureerat/.m2/repository/org/apache/commons/commons-exec/1.3/commons-exec-1.3.jar:/home/sureerat/.m2/repository/com/google/guava/guava/25.0-jre/guava-25.0-jre.jar:/home/sureerat/.m2/repository/com/google/code/findbugs/jsr305/1.3.9/jsr305-1.3.9.jar:/home/sureerat/.m2/repository/org/checkerframework/checker-compat-qual/2.0.0/checker-compat-qual-2.0.0.jar:/home/sureerat/.m2/repository/com/google/errorprone/error_prone_annotations/2.1.3/error_prone_annotations-2.1.3.jar:/home/sureerat/.m2/repository/com/google/j2objc/j2objc-annotations/1.1/j2objc-annotations-1.1.jar:/home/sureerat/.m2/repository/org/codehaus/mojo/animal-sniffer-annotations/1.14/animal-sniffer-annotations-1.14.jar:/home/sureerat/.m2/repository/com/squareup/okhttp3/okhttp/3.11.0/okhttp-3.11.0.jar:/home/sureerat/.m2/repository/com/squareup/okio/okio/1.14.0/okio-1.14.0.jar:/home/sureerat/.m2/repository/io/github/bonigarcia/webdrivermanager/3.5.0/webdrivermanager-3.5.0.jar:/home/sureerat/.m2/repository/org/slf4j/slf4j-api/1.7.25/slf4j-api-1.7.25.jar:/home/sureerat/.m2/repository/com/google/code/gson/gson/2.8.5/gson-2.8.5.jar:/home/sureerat/.m2/repository/org/apache/commons/commons-lang3/3.8.1/commons-lang3-3.8.1.jar:/home/sureerat/.m2/repository/org/apache/httpcomponents/httpclient/4.5.6/httpclient-4.5.6.jar:/home/sureerat/.m2/repository/org/apache/httpcomponents/httpcore/4.4.10/httpcore-4.4.10.jar:/home/sureerat/.m2/repository/commons-logging/commons-logging/1.2/commons-logging-1.2.jar:/home/sureerat/.m2/repository/commons-codec/commons-codec/1.10/commons-codec-1.10.jar:/home/sureerat/.m2/repository/org/rauschig/jarchivelib/1.0.0/jarchivelib-1.0.0.jar:/home/sureerat/.m2/repository/org/apache/commons/commons-compress/1.18/commons-compress-1.18.jar:/home/sureerat/.m2/repository/org/jsoup/jsoup/1.11.3/jsoup-1.11.3.jar:/home/sureerat/.m2/repository/ch/qos/logback/logback-classic/1.2.3/logback-classic-1.2.3.jar:/home/sureerat/.m2/repository/ch/qos/logback/logback-core/1.2.3/logback-core-1.2.3.jar:/home/sureerat/.m2/repository/org/testng/testng/6.14.3/testng-6.14.3.jar:/home/sureerat/.m2/repository/com/beust/jcommander/1.72/jcommander-1.72.jar:/home/sureerat/.m2/repository/org/apache-extras/beanshell/bsh/2.0b6/bsh-2.0b6.jar:/home/sureerat/.m2/repository/commons-io/commons-io/2.6/commons-io-2.6.jar:/home/sureerat/.m2/repository/com/aventstack/extentreports/4.0.9/extentreports-4.0.9.jar:/home/sureerat/.m2/repository/org/freemarker/freemarker/2.3.23/freemarker-2.3.23.jar:/home/sureerat/.m2/repository/org/mongodb/mongodb-driver/3.3.0/mongodb-driver-3.3.0.jar:/home/sureerat/.m2/repository/org/mongodb/mongodb-driver-core/3.3.0/mongodb-driver-core-3.3.0.jar:/home/sureerat/.m2/repository/org/mongodb/bson/3.3.0/bson-3.3.0.jar:/home/sureerat/.m2/repository/org/apache/httpcomponents/httpmime/4.5.2/httpmime-4.5.2.jar:"/>
    <property name="sun.cpu.endian" value="little"/>
    <property name="user.home" value="/home/sureerat"/>
    <property name="user.language" value="en"/>
    <property name="java.specification.vendor" value="Oracle Corporation"/>
    <property name="java.home" value="/usr/lib/jvm/java-8-oracle/jre"/>
    <property name="basedir" value="/home/sureerat/git/1901_STC_G03/G3SnowboardShopTest"/>
    <property name="file.separator" value="/"/>
    <property name="line.separator" value="&#10;"/>
    <property name="java.vm.specification.vendor" value="Oracle Corporation"/>
    <property name="java.specification.name" value="Java Platform API Specification"/>
    <property name="java.awt.graphicsenv" value="sun.awt.X11GraphicsEnvironment"/>
    <property name="surefire.real.class.path" value="/home/sureerat/git/1901_STC_G03/G3SnowboardShopTest/target/surefire/surefirebooter704229424494417547.jar"/>
    <property name="sun.boot.class.path" value="/usr/lib/jvm/java-8-oracle/jre/lib/resources.jar:/usr/lib/jvm/java-8-oracle/jre/lib/rt.jar:/usr/lib/jvm/java-8-oracle/jre/lib/sunrsasign.jar:/usr/lib/jvm/java-8-oracle/jre/lib/jsse.jar:/usr/lib/jvm/java-8-oracle/jre/lib/jce.jar:/usr/lib/jvm/java-8-oracle/jre/lib/charsets.jar:/usr/lib/jvm/java-8-oracle/jre/lib/jfr.jar:/usr/lib/jvm/java-8-oracle/jre/classes"/>
    <property name="sun.management.compiler" value="HotSpot 64-Bit Tiered Compilers"/>
    <property name="java.runtime.version" value="1.8.0_201-b09"/>
    <property name="user.name" value="sureerat"/>
    <property name="path.separator" value=":"/>
    <property name="os.version" value="5.0.0-15-generic"/>
    <property name="java.endorsed.dirs" value="/usr/lib/jvm/java-8-oracle/jre/lib/endorsed"/>
    <property name="java.runtime.name" value="Java(TM) SE Runtime Environment"/>
    <property name="file.encoding" value="UTF-8"/>
    <property name="java.vm.name" value="Java HotSpot(TM) 64-Bit Server VM"/>
    <property name="localRepository" value="/home/sureerat/.m2/repository"/>
    <property name="java.vendor.url.bug" value="http://bugreport.sun.com/bugreport/"/>
    <property name="java.io.tmpdir" value="/tmp"/>
    <property name="java.version" value="1.8.0_201"/>
    <property name="user.dir" value="/home/sureerat/git/1901_STC_G03/G3SnowboardShopTest"/>
    <property name="os.arch" value="amd64"/>
    <property name="java.vm.specification.name" value="Java Virtual Machine Specification"/>
    <property name="java.awt.printerjob" value="sun.print.PSPrinterJob"/>
    <property name="sun.os.patch.level" value="unknown"/>
    <property name="java.library.path" value="/usr/java/packages/lib/amd64:/usr/lib64:/lib64:/lib:/usr/lib"/>
    <property name="java.vm.info" value="mixed mode"/>
    <property name="java.vendor" value="Oracle Corporation"/>
    <property name="java.vm.version" value="25.201-b09"/>
    <property name="java.ext.dirs" value="/usr/lib/jvm/java-8-oracle/jre/lib/ext:/usr/java/packages/lib/ext"/>
    <property name="sun.io.unicode.encoding" value="UnicodeLittle"/>
    <property name="java.class.version" value="52.0"/>
  </properties>
  <testcase name="TC_19_1" classname="G3SnowboardShopTest.STC_G03_Automation_Testing" time="1.814"/>
  <testcase name="TC_19_2" classname="G3SnowboardShopTest.STC_G03_Automation_Testing" time="3.535"/>
  <testcase name="TC_19_2" classname="G3SnowboardShopTest.STC_G03_Automation_Testing" time="3.759"/>
  <testcase name="TC_19_2" classname="G3SnowboardShopTest.STC_G03_Automation_Testing" time="3.717"/>
  <testcase name="TC_2_1" classname="G3SnowboardShopTest.STC_G03_Automation_Testing" time="8.772"/>
  <testcase name="TC_2_2" classname="G3SnowboardShopTest.STC_G03_Automation_Testing" time="9.074"/>
  <testcase name="TC_2_2" classname="G3SnowboardShopTest.STC_G03_Automation_Testing" time="7.665"/>
  <testcase name="TC_2_2" classname="G3SnowboardShopTest.STC_G03_Automation_Testing" time="7.715"/>
  <testcase name="TC_2_2" classname="G3SnowboardShopTest.STC_G03_Automation_Testing" time="7.819"/>
  <testcase name="TC_2_3_2_4" classname="G3SnowboardShopTest.STC_G03_Automation_Testing" time="7.852"/>
  <testcase name="TC_2_3_2_4" classname="G3SnowboardShopTest.STC_G03_Automation_Testing" time="8.244"/>
  <testcase name="TC_2_3_2_4" classname="G3SnowboardShopTest.STC_G03_Automation_Testing" time="9.45"/>
  <testcase name="TC_2_3_2_4" classname="G3SnowboardShopTest.STC_G03_Automation_Testing" time="9.256"/>
  <testcase name="TC_2_5" classname="G3SnowboardShopTest.STC_G03_Automation_Testing" time="11.802"/>
  <testcase name="TC_3_1" classname="G3SnowboardShopTest.STC_G03_Automation_Testing" time="1.807"/>
  <testcase name="TC_3_2" classname="G3SnowboardShopTest.STC_G03_Automation_Testing" time="5.331"/>
  <testcase name="TC_3_2_email" classname="G3SnowboardShopTest.STC_G03_Automation_Testing" time="5.452"/>
  <testcase name="TC_3_2_email" classname="G3SnowboardShopTest.STC_G03_Automation_Testing" time="5.622"/>
  <testcase name="TC_3_3_3_4" classname="G3SnowboardShopTest.STC_G03_Automation_Testing" time="3.456"/>
  <testcase name="TC_3_3_3_4" classname="G3SnowboardShopTest.STC_G03_Automation_Testing" time="4.309"/>
  <testcase name="TC_3_3_3_4" classname="G3SnowboardShopTest.STC_G03_Automation_Testing" time="4.445"/>
  <testcase name="TC_3_3_3_4" classname="G3SnowboardShopTest.STC_G03_Automation_Testing" time="3.203"/>
  <testcase name="TC_3_5" classname="G3SnowboardShopTest.STC_G03_Automation_Testing" time="6.612"/>
  <testcase name="TC_4_1" classname="G3SnowboardShopTest.STC_G03_Automation_Testing" time="7.021"/>
  <testcase name="TC_4_2" classname="G3SnowboardShopTest.STC_G03_Automation_Testing" time="5.437">
    <failure message="expected:&lt;https://www.zalando.se/kvinna/?q=C&gt; but was:&lt;https://www.zalando.se/kvinna-home/&gt;" type="java.lang.AssertionError"><![CDATA[java.lang.AssertionError: expected:<https://www.zalando.se/kvinna/?q=C> but was:<https://www.zalando.se/kvinna-home/>
	at G3SnowboardShopTest.STC_G03_Automation_Testing.TC_4_2(STC_G03_Automation_Testing.java:382)
]]></failure>
    <system-out><![CDATA[https://www.zalando.se/kvinna/?q=C
]]></system-out>
    <system-err><![CDATA[Starting ChromeDriver 2.41.578700 (2f1ed5f9343c13f73144538f15c00b370eda6706) on port 18650
Only local connections are allowed.
May 25, 2019 8:28:19 PM org.openqa.selenium.remote.ProtocolHandshake createSession
INFO: Detected dialect: OSS
]]></system-err>
  </testcase>
  <testcase name="TC_5_1" classname="G3SnowboardShopTest.STC_G03_Automation_Testing" time="43.412"/>
  <testcase name="TC_7_1" classname="G3SnowboardShopTest.STC_G03_Automation_Testing" time="279.728"/>
</testsuite>