<?xml version="1.0" encoding="UTF-8"?>
<!-- Generated by org.testng.reporters.JUnitReportReporter -->
<testsuite skipped="0" hostname="sureerat-ThinkPad-T470" name="G3SnowboardShopTest.LoginPageTest" tests="18" failures="2" timestamp="18 May 2019 00:18:31 GMT" time="28.060" errors="0">
  <testcase name="TC_2_4_email" time="1.365" classname="G3SnowboardShopTest.LoginPageTest"/>
  <testcase name="TC_2_2" time="1.852" classname="G3SnowboardShopTest.LoginPageTest">
    <failure type="java.lang.AssertionError" message="expected [] but found [Du verkar inte ha matat in en korrekt mailadress. Försök igen!]">
      <![CDATA[java.lang.AssertionError: expected [] but found [Du verkar inte ha matat in en korrekt mailadress. Försök igen!]
at org.testng.Assert.fail(Assert.java:96)
at org.testng.Assert.failNotEquals(Assert.java:776)
at org.testng.Assert.assertEqualsImpl(Assert.java:137)
at org.testng.Assert.assertEquals(Assert.java:118)
at org.testng.Assert.assertEquals(Assert.java:453)
at org.testng.Assert.assertEquals(Assert.java:463)
at G3SnowboardShopTest.LoginPageTest.TC_2_2(LoginPageTest.java:69)
at sun.reflect.NativeMethodAccessorImpl.invoke0(Native Method)
at sun.reflect.NativeMethodAccessorImpl.invoke(NativeMethodAccessorImpl.java:62)
at sun.reflect.DelegatingMethodAccessorImpl.invoke(DelegatingMethodAccessorImpl.java:43)
at java.lang.reflect.Method.invoke(Method.java:498)
at org.testng.internal.MethodInvocationHelper.invokeMethod(MethodInvocationHelper.java:124)
at org.testng.internal.Invoker.invokeMethod(Invoker.java:583)
at org.testng.internal.Invoker.invokeTestMethod(Invoker.java:719)
at org.testng.internal.Invoker.invokeTestMethods(Invoker.java:989)
at org.testng.internal.TestMethodWorker.invokeTestMethods(TestMethodWorker.java:125)
at org.testng.internal.TestMethodWorker.run(TestMethodWorker.java:109)
at org.testng.TestRunner.privateRun(TestRunner.java:648)
at org.testng.TestRunner.run(TestRunner.java:505)
at org.testng.SuiteRunner.runTest(SuiteRunner.java:455)
at org.testng.SuiteRunner.runSequentially(SuiteRunner.java:450)
at org.testng.SuiteRunner.privateRun(SuiteRunner.java:415)
at org.testng.SuiteRunner.run(SuiteRunner.java:364)
at org.testng.SuiteRunnerWorker.runSuite(SuiteRunnerWorker.java:52)
at org.testng.SuiteRunnerWorker.run(SuiteRunnerWorker.java:84)
at org.testng.TestNG.runSuitesSequentially(TestNG.java:1208)
at org.testng.TestNG.runSuitesLocally(TestNG.java:1137)
at org.testng.TestNG.runSuites(TestNG.java:1049)
at org.testng.TestNG.run(TestNG.java:1017)
at org.testng.remote.AbstractRemoteTestNG.run(AbstractRemoteTestNG.java:115)
at org.testng.remote.RemoteTestNG.initAndRun(RemoteTestNG.java:251)
at org.testng.remote.RemoteTestNG.main(RemoteTestNG.java:77)
]]>
    </failure>
  </testcase> <!-- TC_2_2 -->
  <testcase name="TC_2_3_password" time="1.321" classname="G3SnowboardShopTest.LoginPageTest"/>
  <testcase name="TC_2_1" time="1.698" classname="G3SnowboardShopTest.LoginPageTest"/>
  <testcase name="TC_2_2" time="1.574" classname="G3SnowboardShopTest.LoginPageTest">
    <failure type="java.lang.AssertionError" message="expected [] but found [Du verkar inte ha matat in en korrekt mailadress. Försök igen!]">
      <![CDATA[java.lang.AssertionError: expected [] but found [Du verkar inte ha matat in en korrekt mailadress. Försök igen!]
at org.testng.Assert.fail(Assert.java:96)
at org.testng.Assert.failNotEquals(Assert.java:776)
at org.testng.Assert.assertEqualsImpl(Assert.java:137)
at org.testng.Assert.assertEquals(Assert.java:118)
at org.testng.Assert.assertEquals(Assert.java:453)
at org.testng.Assert.assertEquals(Assert.java:463)
at G3SnowboardShopTest.LoginPageTest.TC_2_2(LoginPageTest.java:69)
at sun.reflect.NativeMethodAccessorImpl.invoke0(Native Method)
at sun.reflect.NativeMethodAccessorImpl.invoke(NativeMethodAccessorImpl.java:62)
at sun.reflect.DelegatingMethodAccessorImpl.invoke(DelegatingMethodAccessorImpl.java:43)
at java.lang.reflect.Method.invoke(Method.java:498)
at org.testng.internal.MethodInvocationHelper.invokeMethod(MethodInvocationHelper.java:124)
at org.testng.internal.Invoker.invokeMethod(Invoker.java:583)
at org.testng.internal.Invoker.invokeTestMethod(Invoker.java:719)
at org.testng.internal.Invoker.invokeTestMethods(Invoker.java:989)
at org.testng.internal.TestMethodWorker.invokeTestMethods(TestMethodWorker.java:125)
at org.testng.internal.TestMethodWorker.run(TestMethodWorker.java:109)
at org.testng.TestRunner.privateRun(TestRunner.java:648)
at org.testng.TestRunner.run(TestRunner.java:505)
at org.testng.SuiteRunner.runTest(SuiteRunner.java:455)
at org.testng.SuiteRunner.runSequentially(SuiteRunner.java:450)
at org.testng.SuiteRunner.privateRun(SuiteRunner.java:415)
at org.testng.SuiteRunner.run(SuiteRunner.java:364)
at org.testng.SuiteRunnerWorker.runSuite(SuiteRunnerWorker.java:52)
at org.testng.SuiteRunnerWorker.run(SuiteRunnerWorker.java:84)
at org.testng.TestNG.runSuitesSequentially(TestNG.java:1208)
at org.testng.TestNG.runSuitesLocally(TestNG.java:1137)
at org.testng.TestNG.runSuites(TestNG.java:1049)
at org.testng.TestNG.run(TestNG.java:1017)
at org.testng.remote.AbstractRemoteTestNG.run(AbstractRemoteTestNG.java:115)
at org.testng.remote.RemoteTestNG.initAndRun(RemoteTestNG.java:251)
at org.testng.remote.RemoteTestNG.main(RemoteTestNG.java:77)
]]>
    </failure>
  </testcase> <!-- TC_2_2 -->
  <testcase name="TC_2_2" time="1.585" classname="G3SnowboardShopTest.LoginPageTest"/>
  <testcase name="TC_2_1" time="1.582" classname="G3SnowboardShopTest.LoginPageTest"/>
  <testcase name="TC_2_3_email" time="1.391" classname="G3SnowboardShopTest.LoginPageTest"/>
  <testcase name="TC_2_3_email" time="1.336" classname="G3SnowboardShopTest.LoginPageTest"/>
  <testcase name="TC_2_3_password" time="1.368" classname="G3SnowboardShopTest.LoginPageTest"/>
  <testcase name="TC_2_1" time="1.742" classname="G3SnowboardShopTest.LoginPageTest"/>
  <testcase name="TC_2_1" time="1.563" classname="G3SnowboardShopTest.LoginPageTest"/>
  <testcase name="TC_2_2" time="1.625" classname="G3SnowboardShopTest.LoginPageTest"/>
  <testcase name="TC_2_4_password" time="1.368" classname="G3SnowboardShopTest.LoginPageTest"/>
  <testcase name="TC_2_4_password" time="1.588" classname="G3SnowboardShopTest.LoginPageTest"/>
  <testcase name="TC_2_1" time="1.582" classname="G3SnowboardShopTest.LoginPageTest"/>
  <testcase name="TC_2_2" time="1.566" classname="G3SnowboardShopTest.LoginPageTest"/>
  <testcase name="TC_2_4_email" time="1.954" classname="G3SnowboardShopTest.LoginPageTest"/>
</testsuite> <!-- G3SnowboardShopTest.LoginPageTest -->
