<?xml version="1.0" encoding="UTF-8"?>
<!-- Generated by org.testng.reporters.JUnitReportReporter -->
<testsuite skipped="0" hostname="sureerat-ThinkPad-T470" name="G3SnowboardShopTest.STC_G03_Automation_Testing" tests="27" failures="1" timestamp="25 May 2019 18:33:50 GMT" time="496.822" errors="0">
  <testcase name="TC_2_2" time="9.007" classname="G3SnowboardShopTest.STC_G03_Automation_Testing"/>
  <testcase name="TC_3_2_email" time="6.346" classname="G3SnowboardShopTest.STC_G03_Automation_Testing"/>
  <testcase name="TC_19_2" time="4.443" classname="G3SnowboardShopTest.STC_G03_Automation_Testing"/>
  <testcase name="TC_3_3_3_4" time="4.163" classname="G3SnowboardShopTest.STC_G03_Automation_Testing"/>
  <testcase name="TC_3_2" time="6.039" classname="G3SnowboardShopTest.STC_G03_Automation_Testing"/>
  <testcase name="TC_19_2" time="4.479" classname="G3SnowboardShopTest.STC_G03_Automation_Testing"/>
  <testcase name="TC_2_2" time="8.370" classname="G3SnowboardShopTest.STC_G03_Automation_Testing"/>
  <testcase name="TC_2_2" time="9.792" classname="G3SnowboardShopTest.STC_G03_Automation_Testing"/>
  <testcase name="TC_3_3_3_4" time="3.923" classname="G3SnowboardShopTest.STC_G03_Automation_Testing"/>
  <testcase name="TC_19_2" time="4.220" classname="G3SnowboardShopTest.STC_G03_Automation_Testing"/>
  <testcase name="TC_2_3_2_4" time="10.136" classname="G3SnowboardShopTest.STC_G03_Automation_Testing"/>
  <testcase name="TC_2_3_2_4" time="8.598" classname="G3SnowboardShopTest.STC_G03_Automation_Testing"/>
  <testcase name="TC_19_1" time="2.500" classname="G3SnowboardShopTest.STC_G03_Automation_Testing"/>
  <testcase name="TC_3_2_email" time="6.170" classname="G3SnowboardShopTest.STC_G03_Automation_Testing"/>
  <testcase name="TC_5_1" time="44.190" classname="G3SnowboardShopTest.STC_G03_Automation_Testing"/>
  <testcase name="TC_2_1" time="9.637" classname="G3SnowboardShopTest.STC_G03_Automation_Testing"/>
  <testcase name="TC_7_1" time="280.444" classname="G3SnowboardShopTest.STC_G03_Automation_Testing"/>
  <testcase name="TC_2_3_2_4" time="8.924" classname="G3SnowboardShopTest.STC_G03_Automation_Testing"/>
  <testcase name="TC_3_1" time="2.488" classname="G3SnowboardShopTest.STC_G03_Automation_Testing"/>
  <testcase name="TC_4_1" time="7.724" classname="G3SnowboardShopTest.STC_G03_Automation_Testing"/>
  <testcase name="TC_2_2" time="8.419" classname="G3SnowboardShopTest.STC_G03_Automation_Testing"/>
  <testcase name="TC_4_2" time="6.146" classname="G3SnowboardShopTest.STC_G03_Automation_Testing">
    <failure type="java.lang.AssertionError" message="expected:&lt;https://www.zalando.se/kvinna/?q=C&gt; but was:&lt;https://www.zalando.se/kvinna-home/&gt;">
      <![CDATA[java.lang.AssertionError: expected:<https://www.zalando.se/kvinna/?q=C> but was:<https://www.zalando.se/kvinna-home/>
at org.testng.AssertJUnit.assertEquals(AssertJUnit.java:101)
at org.testng.AssertJUnit.assertEquals(AssertJUnit.java:108)
at G3SnowboardShopTest.STC_G03_Automation_Testing.TC_4_2(STC_G03_Automation_Testing.java:382)
at sun.reflect.NativeMethodAccessorImpl.invoke0(Native Method)
at sun.reflect.NativeMethodAccessorImpl.invoke(NativeMethodAccessorImpl.java:62)
at sun.reflect.DelegatingMethodAccessorImpl.invoke(DelegatingMethodAccessorImpl.java:43)
at java.lang.reflect.Method.invoke(Method.java:498)
at org.testng.internal.MethodInvocationHelper.invokeMethod(MethodInvocationHelper.java:124)
at org.testng.internal.Invoker.invokeMethod(Invoker.java:583)
at org.testng.internal.Invoker.invokeTestMethod(Invoker.java:719)
at org.testng.internal.Invoker.invokeTestMethods(Invoker.java:989)
at org.testng.internal.TestMethodWorker.invokeTestMethods(TestMethodWorker.java:125)
at org.testng.internal.TestMethodWorker.run(TestMethodWorker.java:109)
at org.testng.TestRunner.privateRun(TestRunner.java:648)
at org.testng.TestRunner.run(TestRunner.java:505)
at org.testng.SuiteRunner.runTest(SuiteRunner.java:455)
at org.testng.SuiteRunner.runSequentially(SuiteRunner.java:450)
at org.testng.SuiteRunner.privateRun(SuiteRunner.java:415)
at org.testng.SuiteRunner.run(SuiteRunner.java:364)
at org.testng.SuiteRunnerWorker.runSuite(SuiteRunnerWorker.java:52)
at org.testng.SuiteRunnerWorker.run(SuiteRunnerWorker.java:84)
at org.testng.TestNG.runSuitesSequentially(TestNG.java:1208)
at org.testng.TestNG.runSuitesLocally(TestNG.java:1137)
at org.testng.TestNG.runSuites(TestNG.java:1049)
at org.testng.TestNG.run(TestNG.java:1017)
at org.apache.maven.surefire.testng.TestNGExecutor.run(TestNGExecutor.java:283)
at org.apache.maven.surefire.testng.TestNGXmlTestSuite.execute(TestNGXmlTestSuite.java:75)
at org.apache.maven.surefire.testng.TestNGProvider.invoke(TestNGProvider.java:120)
at org.apache.maven.surefire.booter.ForkedBooter.invokeProviderInSameClassLoader(ForkedBooter.java:384)
at org.apache.maven.surefire.booter.ForkedBooter.runSuitesInProcess(ForkedBooter.java:345)
at org.apache.maven.surefire.booter.ForkedBooter.execute(ForkedBooter.java:126)
at org.apache.maven.surefire.booter.ForkedBooter.main(ForkedBooter.java:418)
]]>
    </failure>
  </testcase> <!-- TC_4_2 -->
  <testcase name="TC_3_5" time="7.301" classname="G3SnowboardShopTest.STC_G03_Automation_Testing"/>
  <testcase name="TC_2_3_2_4" time="9.958" classname="G3SnowboardShopTest.STC_G03_Automation_Testing"/>
  <testcase name="TC_3_3_3_4" time="5.860" classname="G3SnowboardShopTest.STC_G03_Automation_Testing"/>
  <testcase name="TC_2_5" time="12.485" classname="G3SnowboardShopTest.STC_G03_Automation_Testing"/>
  <testcase name="TC_3_3_3_4" time="5.060" classname="G3SnowboardShopTest.STC_G03_Automation_Testing"/>
</testsuite> <!-- G3SnowboardShopTest.STC_G03_Automation_Testing -->
